<?xml version="1.0" encoding="UTF-8"?>
<coverage generated="1659295947750" clover="3.2.0">
  <project timestamp="1659295947750" name="All files">
    <metrics statements="25" coveredstatements="25" conditionals="2" coveredconditionals="2" methods="5" coveredmethods="5" elements="32" coveredelements="32" complexity="0" loc="25" ncloc="25" packages="1" files="1" classes="1"/>
    <file name="headers.ts" path="/Users/danilafominyh/Documents/grpclicker_vscode/src/storage/headers.ts">
      <metrics statements="25" coveredstatements="25" conditionals="2" coveredconditionals="2" methods="5" coveredmethods="5"/>
      <line num="3" count="1" type="stmt"/>
      <line num="4" count="3" type="stmt"/>
      <line num="5" count="3" type="stmt"/>
      <line num="8" count="2" type="stmt"/>
      <line num="9" count="2" type="stmt"/>
      <line num="10" count="1" type="stmt"/>
      <line num="12" count="2" type="stmt"/>
      <line num="16" count="4" type="stmt"/>
      <line num="17" count="4" type="stmt"/>
      <line num="18" count="4" type="stmt"/>
      <line num="19" count="3" type="stmt"/>
      <line num="21" count="4" type="stmt"/>
      <line num="25" count="2" type="stmt"/>
      <line num="26" count="2" type="stmt"/>
      <line num="27" count="1" type="cond" truecount="1" falsecount="0"/>
      <line num="28" count="1" type="stmt"/>
      <line num="31" count="1" type="stmt"/>
      <line num="32" count="1" type="stmt"/>
      <line num="33" count="1" type="stmt"/>
      <line num="37" count="1" type="stmt"/>
      <line num="38" count="1" type="stmt"/>
      <line num="39" count="1" type="cond" truecount="1" falsecount="0"/>
      <line num="40" count="1" type="stmt"/>
      <line num="43" count="1" type="stmt"/>
      <line num="44" count="1" type="stmt"/>
    </file>
  </project>
</coverage>
