{"/Users/danilafominyh/Documents/grpclicker_vscode/src/storage/hosts.ts": {"path":"/Users/danilafominyh/Documents/grpclicker_vscode/src/storage/hosts.ts","statementMap":{"0":{"start":{"line":5,"column":22},"end":{"line":5,"column":38}},"1":{"start":{"line":4,"column":19},"end":{"line":4,"column":54}},"2":{"start":{"line":8,"column":33},"end":{"line":8,"column":35}},"3":{"start":{"line":9,"column":4},"end":{"line":11,"column":null}},"4":{"start":{"line":10,"column":6},"end":{"line":10,"column":46}},"5":{"start":{"line":12,"column":4},"end":{"line":12,"column":48}},"6":{"start":{"line":16,"column":23},"end":{"line":16,"column":63}},"7":{"start":{"line":17,"column":24},"end":{"line":17,"column":26}},"8":{"start":{"line":18,"column":4},"end":{"line":20,"column":null}},"9":{"start":{"line":19,"column":6},"end":{"line":19,"column":41}},"10":{"start":{"line":21,"column":4},"end":{"line":21,"column":17}},"11":{"start":{"line":25,"column":18},"end":{"line":25,"column":29}},"12":{"start":{"line":26,"column":4},"end":{"line":30,"column":null}},"13":{"start":{"line":27,"column":6},"end":{"line":29,"column":null}},"14":{"start":{"line":28,"column":8},"end":{"line":28,"column":70}},"15":{"start":{"line":31,"column":4},"end":{"line":31,"column":21}},"16":{"start":{"line":32,"column":4},"end":{"line":32,"column":26}},"17":{"start":{"line":33,"column":4},"end":{"line":33,"column":16}},"18":{"start":{"line":37,"column":18},"end":{"line":37,"column":29}},"19":{"start":{"line":38,"column":4},"end":{"line":42,"column":null}},"20":{"start":{"line":38,"column":17},"end":{"line":38,"column":18}},"21":{"start":{"line":39,"column":6},"end":{"line":41,"column":null}},"22":{"start":{"line":40,"column":8},"end":{"line":40,"column":27}},"23":{"start":{"line":43,"column":4},"end":{"line":43,"column":26}},"24":{"start":{"line":3,"column":0},"end":{"line":3,"column":13}}},"fnMap":{"0":{"name":"(anonymous_0)","decl":{"start":{"line":5,"column":2},"end":{"line":5,"column":22}},"loc":{"start":{"line":5,"column":38},"end":{"line":5,"column":42}}},"1":{"name":"(anonymous_1)","decl":{"start":{"line":7,"column":10},"end":{"line":7,"column":19}},"loc":{"start":{"line":7,"column":33},"end":{"line":13,"column":3}}},"2":{"name":"(anonymous_2)","decl":{"start":{"line":15,"column":2},"end":{"line":15,"column":6}},"loc":{"start":{"line":15,"column":6},"end":{"line":22,"column":3}}},"3":{"name":"(anonymous_3)","decl":{"start":{"line":24,"column":2},"end":{"line":24,"column":5}},"loc":{"start":{"line":24,"column":16},"end":{"line":34,"column":3}}},"4":{"name":"(anonymous_4)","decl":{"start":{"line":36,"column":2},"end":{"line":36,"column":8}},"loc":{"start":{"line":36,"column":27},"end":{"line":44,"column":3}}}},"branchMap":{"0":{"loc":{"start":{"line":27,"column":6},"end":{"line":29,"column":null}},"type":"if","locations":[{"start":{"line":27,"column":6},"end":{"line":29,"column":null}}]},"1":{"loc":{"start":{"line":39,"column":6},"end":{"line":41,"column":null}},"type":"if","locations":[{"start":{"line":39,"column":6},"end":{"line":41,"column":null}}]}},"s":{"0":3,"1":3,"2":2,"3":2,"4":1,"5":2,"6":4,"7":4,"8":4,"9":3,"10":4,"11":2,"12":2,"13":1,"14":1,"15":1,"16":1,"17":1,"18":1,"19":1,"20":1,"21":1,"22":1,"23":1,"24":1},"f":{"0":3,"1":2,"2":4,"3":2,"4":1},"b":{"0":[1],"1":[1]}}
,"/Users/danilafominyh/Documents/grpclicker_vscode/src/storage/protos.ts": {"path":"/Users/danilafominyh/Documents/grpclicker_vscode/src/storage/protos.ts","statementMap":{"0":{"start":{"line":5,"column":22},"end":{"line":5,"column":38}},"1":{"start":{"line":4,"column":19},"end":{"line":4,"column":59}},"2":{"start":{"line":8,"column":17},"end":{"line":8,"column":57}},"3":{"start":{"line":9,"column":4},"end":{"line":9,"column":18}},"4":{"start":{"line":13,"column":17},"end":{"line":13,"column":57}},"5":{"start":{"line":14,"column":4},"end":{"line":17,"column":null}},"6":{"start":{"line":15,"column":16},"end":{"line":15,"column":60}},"7":{"start":{"line":16,"column":6},"end":{"line":16,"column":28}},"8":{"start":{"line":18,"column":4},"end":{"line":18,"column":22}},"9":{"start":{"line":19,"column":4},"end":{"line":19,"column":42}},"10":{"start":{"line":20,"column":4},"end":{"line":20,"column":16}},"11":{"start":{"line":24,"column":16},"end":{"line":24,"column":56}},"12":{"start":{"line":25,"column":14},"end":{"line":25,"column":33}},"13":{"start":{"line":26,"column":4},"end":{"line":28,"column":null}},"14":{"start":{"line":27,"column":6},"end":{"line":27,"column":27}},"15":{"start":{"line":29,"column":4},"end":{"line":29,"column":41}},"16":{"start":{"line":30,"column":4},"end":{"line":30,"column":17}},"17":{"start":{"line":3,"column":0},"end":{"line":3,"column":13}}},"fnMap":{"0":{"name":"(anonymous_0)","decl":{"start":{"line":5,"column":2},"end":{"line":5,"column":22}},"loc":{"start":{"line":5,"column":38},"end":{"line":5,"column":42}}},"1":{"name":"(anonymous_1)","decl":{"start":{"line":7,"column":9},"end":{"line":7,"column":13}},"loc":{"start":{"line":7,"column":13},"end":{"line":10,"column":3}}},"2":{"name":"(anonymous_2)","decl":{"start":{"line":12,"column":9},"end":{"line":12,"column":12}},"loc":{"start":{"line":12,"column":25},"end":{"line":21,"column":3}}},"3":{"name":"(anonymous_3)","decl":{"start":{"line":23,"column":9},"end":{"line":23,"column":15}},"loc":{"start":{"line":23,"column":28},"end":{"line":31,"column":3}}}},"branchMap":{"0":{"loc":{"start":{"line":14,"column":4},"end":{"line":17,"column":null}},"type":"if","locations":[{"start":{"line":14,"column":4},"end":{"line":17,"column":null}}]},"1":{"loc":{"start":{"line":26,"column":4},"end":{"line":28,"column":null}},"type":"if","locations":[{"start":{"line":26,"column":4},"end":{"line":28,"column":null}}]}},"s":{"0":3,"1":3,"2":1,"3":1,"4":2,"5":2,"6":1,"7":1,"8":1,"9":1,"10":1,"11":1,"12":1,"13":1,"14":1,"15":1,"16":1,"17":1},"f":{"0":3,"1":1,"2":2,"3":1},"b":{"0":[1],"1":[1]}}
}
