{"C:\\Users\\dangd\\OneDrive\\Документы\\grpclicker_vscode\\src\\grpcurl\\parser.ts": {"path":"C:\\Users\\dangd\\OneDrive\\Документы\\grpclicker_vscode\\src\\grpcurl\\parser.ts","statementMap":{"0":{"start":{"line":3,"column":26},"end":{"line":3,"column":43}},"1":{"start":{"line":5,"column":22},"end":{"line":5,"column":24}},"2":{"start":{"line":6,"column":23},"end":{"line":6,"column":49}},"3":{"start":{"line":7,"column":27},"end":{"line":7,"column":76}},"4":{"start":{"line":9,"column":4},"end":{"line":41,"column":null}},"5":{"start":{"line":10,"column":6},"end":{"line":13,"column":null}},"6":{"start":{"line":11,"column":8},"end":{"line":11,"column":60}},"7":{"start":{"line":12,"column":8},"end":{"line":12,"column":17}},"8":{"start":{"line":14,"column":6},"end":{"line":24,"column":null}},"9":{"start":{"line":15,"column":8},"end":{"line":17,"column":null}},"10":{"start":{"line":16,"column":10},"end":{"line":16,"column":19}},"11":{"start":{"line":18,"column":8},"end":{"line":22,"column":21}},"12":{"start":{"line":23,"column":8},"end":{"line":23,"column":17}},"13":{"start":{"line":25,"column":6},"end":{"line":28,"column":null}},"14":{"start":{"line":26,"column":8},"end":{"line":26,"column":55}},"15":{"start":{"line":27,"column":8},"end":{"line":27,"column":42}},"16":{"start":{"line":29,"column":6},"end":{"line":33,"column":null}},"17":{"start":{"line":30,"column":8},"end":{"line":30,"column":37}},"18":{"start":{"line":31,"column":8},"end":{"line":31,"column":68}},"19":{"start":{"line":32,"column":8},"end":{"line":32,"column":17}},"20":{"start":{"line":34,"column":6},"end":{"line":40,"column":null}},"21":{"start":{"line":35,"column":21},"end":{"line":35,"column":35}},"22":{"start":{"line":36,"column":8},"end":{"line":36,"column":52}},"23":{"start":{"line":37,"column":8},"end":{"line":37,"column":25}},"24":{"start":{"line":38,"column":8},"end":{"line":38,"column":33}},"25":{"start":{"line":39,"column":8},"end":{"line":39,"column":17}},"26":{"start":{"line":42,"column":4},"end":{"line":42,"column":17}},"27":{"start":{"line":46,"column":21},"end":{"line":53,"column":6}},"28":{"start":{"line":55,"column":32},"end":{"line":55,"column":47}},"29":{"start":{"line":56,"column":4},"end":{"line":58,"column":null}},"30":{"start":{"line":57,"column":6},"end":{"line":57,"column":30}},"31":{"start":{"line":60,"column":34},"end":{"line":60,"column":49}},"32":{"start":{"line":61,"column":20},"end":{"line":61,"column":52}},"33":{"start":{"line":62,"column":4},"end":{"line":64,"column":null}},"34":{"start":{"line":63,"column":6},"end":{"line":63,"column":31}},"35":{"start":{"line":66,"column":4},"end":{"line":66,"column":42}},"36":{"start":{"line":67,"column":30},"end":{"line":67,"column":52}},"37":{"start":{"line":68,"column":4},"end":{"line":68,"column":37}},"38":{"start":{"line":69,"column":4},"end":{"line":69,"column":48}},"39":{"start":{"line":70,"column":4},"end":{"line":70,"column":49}},"40":{"start":{"line":71,"column":4},"end":{"line":71,"column":16}},"41":{"start":{"line":75,"column":26},"end":{"line":75,"column":43}},"42":{"start":{"line":77,"column":22},"end":{"line":77,"column":24}},"43":{"start":{"line":78,"column":23},"end":{"line":78,"column":75}},"44":{"start":{"line":79,"column":27},"end":{"line":89,"column":6}},"45":{"start":{"line":91,"column":4},"end":{"line":105,"column":null}},"46":{"start":{"line":92,"column":6},"end":{"line":96,"column":null}},"47":{"start":{"line":93,"column":8},"end":{"line":93,"column":51}},"48":{"start":{"line":94,"column":8},"end":{"line":94,"column":38}},"49":{"start":{"line":95,"column":8},"end":{"line":95,"column":17}},"50":{"start":{"line":97,"column":6},"end":{"line":100,"column":null}},"51":{"start":{"line":98,"column":8},"end":{"line":98,"column":37}},"52":{"start":{"line":99,"column":8},"end":{"line":99,"column":17}},"53":{"start":{"line":101,"column":6},"end":{"line":104,"column":null}},"54":{"start":{"line":102,"column":8},"end":{"line":102,"column":60}},"55":{"start":{"line":103,"column":8},"end":{"line":103,"column":17}},"56":{"start":{"line":106,"column":4},"end":{"line":106,"column":15}},"57":{"start":{"line":1,"column":0},"end":{"line":1,"column":13}}},"fnMap":{"0":{"name":"(anonymous_0)","decl":{"start":{"line":2,"column":2},"end":{"line":2,"column":7}},"loc":{"start":{"line":2,"column":21},"end":{"line":43,"column":3}}},"1":{"name":"(anonymous_1)","decl":{"start":{"line":45,"column":2},"end":{"line":45,"column":5}},"loc":{"start":{"line":45,"column":18},"end":{"line":72,"column":3}}},"2":{"name":"(anonymous_2)","decl":{"start":{"line":74,"column":2},"end":{"line":74,"column":9}},"loc":{"start":{"line":74,"column":23},"end":{"line":107,"column":3}}},"3":{"name":"(anonymous_3)","decl":{"start":{"line":109,"column":2},"end":{"line":109,"column":7}},"loc":{"start":{"line":109,"column":7},"end":{"line":109,"column":12}}}},"branchMap":{"0":{"loc":{"start":{"line":10,"column":6},"end":{"line":13,"column":null}},"type":"if","locations":[{"start":{"line":10,"column":6},"end":{"line":13,"column":null}}]},"1":{"loc":{"start":{"line":14,"column":6},"end":{"line":24,"column":null}},"type":"if","locations":[{"start":{"line":14,"column":6},"end":{"line":24,"column":null}}]},"2":{"loc":{"start":{"line":15,"column":8},"end":{"line":17,"column":null}},"type":"if","locations":[{"start":{"line":15,"column":8},"end":{"line":17,"column":null}}]},"3":{"loc":{"start":{"line":25,"column":6},"end":{"line":28,"column":null}},"type":"if","locations":[{"start":{"line":25,"column":6},"end":{"line":28,"column":null}}]},"4":{"loc":{"start":{"line":29,"column":6},"end":{"line":33,"column":null}},"type":"if","locations":[{"start":{"line":29,"column":6},"end":{"line":33,"column":null}}]},"5":{"loc":{"start":{"line":34,"column":6},"end":{"line":40,"column":null}},"type":"if","locations":[{"start":{"line":34,"column":6},"end":{"line":40,"column":null}}]},"6":{"loc":{"start":{"line":56,"column":4},"end":{"line":58,"column":null}},"type":"if","locations":[{"start":{"line":56,"column":4},"end":{"line":58,"column":null}}]},"7":{"loc":{"start":{"line":62,"column":4},"end":{"line":64,"column":null}},"type":"if","locations":[{"start":{"line":62,"column":4},"end":{"line":64,"column":null}}]},"8":{"loc":{"start":{"line":92,"column":6},"end":{"line":96,"column":null}},"type":"if","locations":[{"start":{"line":92,"column":6},"end":{"line":96,"column":null}}]},"9":{"loc":{"start":{"line":97,"column":6},"end":{"line":100,"column":null}},"type":"if","locations":[{"start":{"line":97,"column":6},"end":{"line":100,"column":null}}]},"10":{"loc":{"start":{"line":101,"column":6},"end":{"line":104,"column":null}},"type":"if","locations":[{"start":{"line":101,"column":6},"end":{"line":104,"column":null}}]}},"s":{"0":1,"1":1,"2":1,"3":1,"4":1,"5":42,"6":7,"7":7,"8":35,"9":3,"10":2,"11":1,"12":1,"13":32,"14":3,"15":3,"16":32,"17":3,"18":3,"19":3,"20":29,"21":26,"22":26,"23":26,"24":26,"25":26,"26":1,"27":28,"28":28,"29":28,"30":3,"31":28,"32":28,"33":28,"34":3,"35":28,"36":28,"37":28,"38":28,"39":28,"40":28,"41":1,"42":1,"43":1,"44":1,"45":1,"46":11,"47":1,"48":1,"49":1,"50":10,"51":1,"52":1,"53":9,"54":3,"55":3,"56":1,"57":1},"f":{"0":1,"1":28,"2":1,"3":0},"b":{"0":[7],"1":[3],"2":[2],"3":[3],"4":[3],"5":[26],"6":[3],"7":[3],"8":[1],"9":[1],"10":[3]}}
}
