TN:
SF:src\grpcurl\caller.ts
FN:4,(anonymous_0)
FNF:1
FNH:1
FNDA:2,(anonymous_0)
DA:1,1
DA:3,1
DA:5,2
DA:6,2
DA:8,2
DA:9,2
DA:11,1
DA:12,1
DA:14,1
DA:15,0
DA:18,1
DA:20,1
LF:12
LH:11
BRDA:14,0,0,0
BRF:1
BRH:0
end_of_record
TN:
SF:src\grpcurl\grpcurl.ts
FN:5,(anonymous_0)
FN:7,(anonymous_1)
FN:17,(anonymous_2)
FN:27,(anonymous_3)
FN:60,(anonymous_4)
FNF:5
FNH:3
FNDA:2,(anonymous_0)
FNDA:2,(anonymous_1)
FNDA:2,(anonymous_2)
FNDA:0,(anonymous_3)
FNDA:0,(anonymous_4)
DA:4,1
DA:5,2
DA:8,2
DA:9,2
DA:10,2
DA:11,1
DA:13,1
DA:14,1
DA:18,2
DA:19,2
DA:20,2
DA:21,1
DA:23,1
DA:24,1
DA:36,0
DA:37,0
DA:38,0
DA:39,0
DA:41,0
DA:42,0
DA:43,0
DA:44,0
DA:46,0
DA:54,0
DA:55,0
DA:57,0
DA:61,0
DA:62,0
DA:63,0
DA:64,0
DA:66,0
DA:68,0
LF:32
LH:14
BRDA:10,0,0,1
BRDA:20,1,0,1
BRDA:43,2,0,0
BRDA:54,3,0,0
BRDA:62,4,0,0
BRDA:62,4,1,0
BRF:6
BRH:2
end_of_record
TN:
SF:src\grpcurl\parser.ts
FN:2,(anonymous_0)
FN:53,(anonymous_1)
FN:82,(anonymous_2)
FN:127,(anonymous_3)
FNF:4
FNH:4
FNDA:1,(anonymous_0)
FNDA:28,(anonymous_1)
FNDA:1,(anonymous_2)
FNDA:7,(anonymous_3)
DA:1,1
DA:3,1
DA:5,1
DA:6,1
DA:7,1
DA:9,1
DA:10,42
DA:11,7
DA:12,4
DA:14,7
DA:15,7
DA:17,35
DA:18,3
DA:19,2
DA:21,1
DA:26,1
DA:28,32
DA:29,3
DA:30,1
DA:31,1
DA:33,3
DA:35,32
DA:36,3
DA:37,3
DA:38,3
DA:40,29
DA:41,26
DA:42,26
DA:43,3
DA:44,3
DA:46,26
DA:47,26
DA:50,1
DA:54,28
DA:63,28
DA:64,28
DA:65,3
DA:68,28
DA:69,28
DA:70,28
DA:71,3
DA:74,28
DA:75,28
DA:76,28
DA:77,28
DA:78,28
DA:79,28
DA:83,1
DA:85,1
DA:86,1
DA:94,1
DA:95,13
DA:96,1
DA:97,1
DA:98,1
DA:100,12
DA:101,1
DA:102,1
DA:104,11
DA:105,3
DA:106,1
DA:108,3
DA:109,3
DA:111,8
DA:112,2
DA:113,2
DA:114,1
DA:115,1
DA:117,2
DA:118,2
DA:120,6
DA:121,1
DA:124,1
DA:128,7
DA:129,7
DA:130,7
DA:140,7
DA:141,2
DA:146,2
DA:147,2
DA:148,2
DA:149,2
DA:150,2
DA:152,5
DA:153,5
DA:154,5
DA:155,5
DA:156,5
DA:157,5
LF:89
LH:89
BRDA:10,0,0,7
BRDA:11,1,0,4
BRDA:17,2,0,3
BRDA:18,3,0,2
BRDA:28,4,0,3
BRDA:29,5,0,1
BRDA:35,6,0,3
BRDA:40,7,0,26
BRDA:42,8,0,3
BRDA:64,9,0,3
BRDA:70,10,0,3
BRDA:95,11,0,1
BRDA:100,12,0,1
BRDA:104,13,0,3
BRDA:105,14,0,1
BRDA:111,15,0,2
BRDA:113,16,0,1
BRDA:120,17,0,1
BRDA:140,18,0,2
BRF:19
BRH:19
end_of_record
