TN:
SF:src\grpcurl\parser.ts
FN:2,(anonymous_0)
FN:45,(anonymous_1)
FN:74,(anonymous_2)
FN:109,(anonymous_3)
FNF:4
FNH:3
FNDA:1,(anonymous_0)
FNDA:28,(anonymous_1)
FNDA:1,(anonymous_2)
FNDA:0,(anonymous_3)
DA:1,1
DA:3,1
DA:5,1
DA:6,1
DA:7,1
DA:9,1
DA:10,42
DA:11,7
DA:12,7
DA:14,35
DA:15,3
DA:16,2
DA:18,1
DA:23,1
DA:25,32
DA:26,3
DA:27,3
DA:29,32
DA:30,3
DA:31,3
DA:32,3
DA:34,29
DA:35,26
DA:36,26
DA:37,26
DA:38,26
DA:39,26
DA:42,1
DA:46,28
DA:55,28
DA:56,28
DA:57,3
DA:60,28
DA:61,28
DA:62,28
DA:63,3
DA:66,28
DA:67,28
DA:68,28
DA:69,28
DA:70,28
DA:71,28
DA:75,1
DA:77,1
DA:78,1
DA:79,1
DA:91,1
DA:92,11
DA:93,1
DA:94,1
DA:95,1
DA:97,10
DA:98,1
DA:99,1
DA:101,9
DA:102,3
DA:103,3
DA:106,1
LF:58
LH:58
BRDA:10,0,0,7
BRDA:14,1,0,3
BRDA:15,2,0,2
BRDA:25,3,0,3
BRDA:29,4,0,3
BRDA:34,5,0,26
BRDA:56,6,0,3
BRDA:62,7,0,3
BRDA:92,8,0,1
BRDA:97,9,0,1
BRDA:101,10,0,3
BRF:11
BRH:11
end_of_record
